<?xml version="1.0" encoding="UTF-8"?>
<!-- Generated by org.testng.reporters.JUnitReportReporter -->
<testsuite skipped="0" hostname="DESKTOP-F74GJ61" name="TestCases.TC_003" tests="1" failures="0" timestamp="23 Mar 2019 22:03:09 GMT" time="6.469" errors="0">
  <testcase name="createNewAccountSuccessTest" time="6.469" classname="TestCases.TC_003"/>
</testsuite> <!-- TestCases.TC_003 -->
