<?xml version="1.0" encoding="UTF-8"?>
<!-- Generated by org.testng.reporters.JUnitReportReporter -->
<testsuite skipped="0" hostname="DESKTOP-F74GJ61" name="TestCases.TC_003And004" tests="2" failures="0" timestamp="24 Mar 2019 10:28:53 GMT" time="12.578" errors="0">
  <testcase name="createNewAccountSuccessTest" time="6.425" classname="TestCases.TC_003And004"/>
  <testcase name="LoginWithNewAccountSuccessTest" time="6.153" classname="TestCases.TC_003And004"/>
</testsuite> <!-- TestCases.TC_003And004 -->
