<?xml version="1.0" encoding="UTF-8"?>
<!-- Generated by org.testng.reporters.JUnitReportReporter -->
<testsuite skipped="0" hostname="DESKTOP-F74GJ61" name="TestCases.TC_All" tests="2" failures="0" timestamp="24 Mar 2019 01:56:30 GMT" time="18.063" errors="0">
  <testcase name="createNewAccountSuccessTest" time="8.746" classname="TestCases.TC_All"/>
  <testcase name="LoginWithNewAccountSuccessTest" time="9.317" classname="TestCases.TC_All"/>
</testsuite> <!-- TestCases.TC_All -->
