<?xml version="1.0" encoding="UTF-8"?>
<!-- Generated by org.testng.reporters.JUnitReportReporter -->
<testsuite skipped="0" hostname="DESKTOP-F74GJ61" name="TestCases.TC_001" tests="1" failures="0" timestamp="24 Mar 2019 10:28:53 GMT" time="6.829" errors="0">
  <testcase name="invalidUserLoginTest" time="6.829" classname="TestCases.TC_001"/>
</testsuite> <!-- TestCases.TC_001 -->
